\BOOKMARK [0][-]{chapter.1}{\376\377\0001\000\040\000C\000l\000a\000s\000s\000\040\000I\000n\000d\000e\000x}{}% 1
\BOOKMARK [1][-]{section.1.1}{\376\377\0001\000.\0001\000\040\000C\000l\000a\000s\000s\000\040\000L\000i\000s\000t}{chapter.1}% 2
\BOOKMARK [0][-]{chapter.2}{\376\377\0002\000\040\000F\000i\000l\000e\000\040\000I\000n\000d\000e\000x}{}% 3
\BOOKMARK [1][-]{section.2.1}{\376\377\0002\000.\0001\000\040\000F\000i\000l\000e\000\040\000L\000i\000s\000t}{chapter.2}% 4
\BOOKMARK [0][-]{chapter.3}{\376\377\0003\000\040\000C\000l\000a\000s\000s\000\040\000D\000o\000c\000u\000m\000e\000n\000t\000a\000t\000i\000o\000n}{}% 5
\BOOKMARK [1][-]{section.3.1}{\376\377\0003\000.\0001\000\040\000a\000l\000t\000e\000r\000\040\000S\000t\000r\000u\000c\000t\000\040\000R\000e\000f\000e\000r\000e\000n\000c\000e}{chapter.3}% 6
\BOOKMARK [2][-]{subsection.3.1.1}{\376\377\0003\000.\0001\000.\0001\000\040\000D\000e\000t\000a\000i\000l\000e\000d\000\040\000D\000e\000s\000c\000r\000i\000p\000t\000i\000o\000n}{section.3.1}% 7
\BOOKMARK [2][-]{subsection.3.1.2}{\376\377\0003\000.\0001\000.\0002\000\040\000M\000e\000m\000b\000e\000r\000\040\000D\000a\000t\000a\000\040\000D\000o\000c\000u\000m\000e\000n\000t\000a\000t\000i\000o\000n}{section.3.1}% 8
\BOOKMARK [3][-]{subsubsection.3.1.2.1}{\376\377\0003\000.\0001\000.\0002\000.\0001\000\040\000c\000l\000a\000s\000s\000C\000o\000d\000e}{subsection.3.1.2}% 9
\BOOKMARK [3][-]{subsubsection.3.1.2.2}{\376\377\0003\000.\0001\000.\0002\000.\0002\000\040\000s\000t\000u\000d\000e\000n\000t\000C\000o\000d\000e}{subsection.3.1.2}% 10
\BOOKMARK [3][-]{subsubsection.3.1.2.3}{\376\377\0003\000.\0001\000.\0002\000.\0003\000\040\000s\000t\000u\000d\000e\000n\000t\000N\000a\000m\000e}{subsection.3.1.2}% 11
\BOOKMARK [3][-]{subsubsection.3.1.2.4}{\376\377\0003\000.\0001\000.\0002\000.\0004\000\040\000t\000y\000p\000e}{subsection.3.1.2}% 12
\BOOKMARK [3][-]{subsubsection.3.1.2.5}{\376\377\0003\000.\0001\000.\0002\000.\0005\000\040\000u\000c\000C\000o\000d\000e}{subsection.3.1.2}% 13
\BOOKMARK [1][-]{section.3.2}{\376\377\0003\000.\0002\000\040\000c\000l\000a\000s\000s\000I\000n\000f\000o\000\040\000S\000t\000r\000u\000c\000t\000\040\000R\000e\000f\000e\000r\000e\000n\000c\000e}{chapter.3}% 14
\BOOKMARK [2][-]{subsection.3.2.1}{\376\377\0003\000.\0002\000.\0001\000\040\000D\000e\000t\000a\000i\000l\000e\000d\000\040\000D\000e\000s\000c\000r\000i\000p\000t\000i\000o\000n}{section.3.2}% 15
\BOOKMARK [2][-]{subsection.3.2.2}{\376\377\0003\000.\0002\000.\0002\000\040\000M\000e\000m\000b\000e\000r\000\040\000F\000u\000n\000c\000t\000i\000o\000n\000\040\000D\000o\000c\000u\000m\000e\000n\000t\000a\000t\000i\000o\000n}{section.3.2}% 16
\BOOKMARK [3][-]{subsubsection.3.2.2.1}{\376\377\0003\000.\0002\000.\0002\000.\0001\000\040\000o\000p\000e\000r\000a\000t\000o\000r\000<\000\050\000\051}{subsection.3.2.2}% 17
\BOOKMARK [2][-]{subsection.3.2.3}{\376\377\0003\000.\0002\000.\0003\000\040\000M\000e\000m\000b\000e\000r\000\040\000D\000a\000t\000a\000\040\000D\000o\000c\000u\000m\000e\000n\000t\000a\000t\000i\000o\000n}{section.3.2}% 18
\BOOKMARK [3][-]{subsubsection.3.2.3.1}{\376\377\0003\000.\0002\000.\0003\000.\0001\000\040\000c\000o\000d\000e}{subsection.3.2.3}% 19
\BOOKMARK [3][-]{subsubsection.3.2.3.2}{\376\377\0003\000.\0002\000.\0003\000.\0002\000\040\000d\000a\000y}{subsection.3.2.3}% 20
\BOOKMARK [3][-]{subsubsection.3.2.3.3}{\376\377\0003\000.\0002\000.\0003\000.\0003\000\040\000d\000a\000y\000I\000n\000t}{subsection.3.2.3}% 21
\BOOKMARK [3][-]{subsubsection.3.2.3.4}{\376\377\0003\000.\0002\000.\0003\000.\0004\000\040\000d\000u\000r\000a\000t\000i\000o\000n}{subsection.3.2.3}% 22
\BOOKMARK [3][-]{subsubsection.3.2.3.5}{\376\377\0003\000.\0002\000.\0003\000.\0005\000\040\000s\000t\000a\000r\000t\000T\000i\000m\000e}{subsection.3.2.3}% 23
\BOOKMARK [3][-]{subsubsection.3.2.3.6}{\376\377\0003\000.\0002\000.\0003\000.\0006\000\040\000t\000y\000p\000e}{subsection.3.2.3}% 24
\BOOKMARK [1][-]{section.3.3}{\376\377\0003\000.\0003\000\040\000c\000l\000a\000s\000s\000Q\000t\000d\000\040\000S\000t\000r\000u\000c\000t\000\040\000R\000e\000f\000e\000r\000e\000n\000c\000e}{chapter.3}% 25
\BOOKMARK [2][-]{subsection.3.3.1}{\376\377\0003\000.\0003\000.\0001\000\040\000D\000e\000t\000a\000i\000l\000e\000d\000\040\000D\000e\000s\000c\000r\000i\000p\000t\000i\000o\000n}{section.3.3}% 26
\BOOKMARK [2][-]{subsection.3.3.2}{\376\377\0003\000.\0003\000.\0002\000\040\000M\000e\000m\000b\000e\000r\000\040\000F\000u\000n\000c\000t\000i\000o\000n\000\040\000D\000o\000c\000u\000m\000e\000n\000t\000a\000t\000i\000o\000n}{section.3.3}% 27
\BOOKMARK [3][-]{subsubsection.3.3.2.1}{\376\377\0003\000.\0003\000.\0002\000.\0001\000\040\000o\000p\000e\000r\000a\000t\000o\000r\000<\000\050\000\051}{subsection.3.3.2}% 28
\BOOKMARK [2][-]{subsection.3.3.3}{\376\377\0003\000.\0003\000.\0003\000\040\000M\000e\000m\000b\000e\000r\000\040\000D\000a\000t\000a\000\040\000D\000o\000c\000u\000m\000e\000n\000t\000a\000t\000i\000o\000n}{section.3.3}% 29
\BOOKMARK [3][-]{subsubsection.3.3.3.1}{\376\377\0003\000.\0003\000.\0003\000.\0001\000\040\000c\000l\000a\000s\000s\000C\000o\000d\000e}{subsection.3.3.3}% 30
\BOOKMARK [3][-]{subsubsection.3.3.3.2}{\376\377\0003\000.\0003\000.\0003\000.\0002\000\040\000q\000t\000d}{subsection.3.3.3}% 31
\BOOKMARK [1][-]{section.3.4}{\376\377\0003\000.\0004\000\040\000m\000y\000S\000t\000u\000d\000e\000n\000t\000\040\000C\000l\000a\000s\000s\000\040\000R\000e\000f\000e\000r\000e\000n\000c\000e}{chapter.3}% 32
\BOOKMARK [2][-]{subsection.3.4.1}{\376\377\0003\000.\0004\000.\0001\000\040\000D\000e\000t\000a\000i\000l\000e\000d\000\040\000D\000e\000s\000c\000r\000i\000p\000t\000i\000o\000n}{section.3.4}% 33
\BOOKMARK [2][-]{subsection.3.4.2}{\376\377\0003\000.\0004\000.\0002\000\040\000C\000o\000n\000s\000t\000r\000u\000c\000t\000o\000r\000\040\000\046\000\040\000D\000e\000s\000t\000r\000u\000c\000t\000o\000r\000\040\000D\000o\000c\000u\000m\000e\000n\000t\000a\000t\000i\000o\000n}{section.3.4}% 34
\BOOKMARK [3][-]{subsubsection.3.4.2.1}{\376\377\0003\000.\0004\000.\0002\000.\0001\000\040\000m\000y\000S\000t\000u\000d\000e\000n\000t\000\050\000\051\000\040\000[\0001\000/\0002\000]}{subsection.3.4.2}% 35
\BOOKMARK [3][-]{subsubsection.3.4.2.2}{\376\377\0003\000.\0004\000.\0002\000.\0002\000\040\000m\000y\000S\000t\000u\000d\000e\000n\000t\000\050\000\051\000\040\000[\0002\000/\0002\000]}{subsection.3.4.2}% 36
\BOOKMARK [2][-]{subsection.3.4.3}{\376\377\0003\000.\0004\000.\0003\000\040\000M\000e\000m\000b\000e\000r\000\040\000F\000u\000n\000c\000t\000i\000o\000n\000\040\000D\000o\000c\000u\000m\000e\000n\000t\000a\000t\000i\000o\000n}{section.3.4}% 37
\BOOKMARK [3][-]{subsubsection.3.4.3.1}{\376\377\0003\000.\0004\000.\0003\000.\0001\000\040\000a\000d\000d\000C\000l\000a\000s\000s\000\050\000\051}{subsection.3.4.3}% 38
\BOOKMARK [3][-]{subsubsection.3.4.3.2}{\376\377\0003\000.\0004\000.\0003\000.\0002\000\040\000a\000d\000d\000U\000c\000\050\000\051}{subsection.3.4.3}% 39
\BOOKMARK [3][-]{subsubsection.3.4.3.3}{\376\377\0003\000.\0004\000.\0003\000.\0003\000\040\000c\000h\000a\000n\000g\000e\000C\000l\000a\000s\000s\000\050\000\051}{subsection.3.4.3}% 40
\BOOKMARK [3][-]{subsubsection.3.4.3.4}{\376\377\0003\000.\0004\000.\0003\000.\0004\000\040\000g\000e\000t\000C\000l\000a\000s\000s\000C\000o\000d\000e\000\050\000\051}{subsection.3.4.3}% 41
\BOOKMARK [3][-]{subsubsection.3.4.3.5}{\376\377\0003\000.\0004\000.\0003\000.\0005\000\040\000g\000e\000t\000C\000l\000a\000s\000s\000e\000s\000\050\000\051}{subsection.3.4.3}% 42
\BOOKMARK [3][-]{subsubsection.3.4.3.6}{\376\377\0003\000.\0004\000.\0003\000.\0006\000\040\000g\000e\000t\000S\000t\000u\000d\000e\000n\000t\000C\000o\000d\000e\000\050\000\051}{subsection.3.4.3}% 43
\BOOKMARK [3][-]{subsubsection.3.4.3.7}{\376\377\0003\000.\0004\000.\0003\000.\0007\000\040\000g\000e\000t\000S\000t\000u\000d\000e\000n\000t\000N\000a\000m\000e\000\050\000\051}{subsection.3.4.3}% 44
\BOOKMARK [3][-]{subsubsection.3.4.3.8}{\376\377\0003\000.\0004\000.\0003\000.\0008\000\040\000g\000e\000t\000U\000c\000C\000o\000d\000e\000\050\000\051}{subsection.3.4.3}% 45
\BOOKMARK [3][-]{subsubsection.3.4.3.9}{\376\377\0003\000.\0004\000.\0003\000.\0009\000\040\000r\000e\000m\000o\000v\000e\000U\000c\000\050\000\051}{subsection.3.4.3}% 46
\BOOKMARK [3][-]{subsubsection.3.4.3.10}{\376\377\0003\000.\0004\000.\0003\000.\0001\0000\000\040\000s\000e\000t\000S\000t\000u\000d\000e\000n\000t\000\050\000\051}{subsection.3.4.3}% 47
\BOOKMARK [3][-]{subsubsection.3.4.3.11}{\376\377\0003\000.\0004\000.\0003\000.\0001\0001\000\040\000s\000e\000t\000S\000t\000u\000d\000e\000n\000t\000C\000o\000d\000e\000\050\000\051}{subsection.3.4.3}% 48
\BOOKMARK [3][-]{subsubsection.3.4.3.12}{\376\377\0003\000.\0004\000.\0003\000.\0001\0002\000\040\000s\000e\000t\000S\000t\000u\000d\000e\000n\000t\000N\000a\000m\000e\000\050\000\051}{subsection.3.4.3}% 49
\BOOKMARK [3][-]{subsubsection.3.4.3.13}{\376\377\0003\000.\0004\000.\0003\000.\0001\0003\000\040\000v\000a\000l\000i\000d\000e\000Q\000t\000C\000l\000a\000s\000s\000e\000s\000\050\000\051}{subsection.3.4.3}% 50
\BOOKMARK [1][-]{section.3.5}{\376\377\0003\000.\0005\000\040\000m\000y\000U\000c\000\040\000C\000l\000a\000s\000s\000\040\000R\000e\000f\000e\000r\000e\000n\000c\000e}{chapter.3}% 51
\BOOKMARK [2][-]{subsection.3.5.1}{\376\377\0003\000.\0005\000.\0001\000\040\000D\000e\000t\000a\000i\000l\000e\000d\000\040\000D\000e\000s\000c\000r\000i\000p\000t\000i\000o\000n}{section.3.5}% 52
\BOOKMARK [2][-]{subsection.3.5.2}{\376\377\0003\000.\0005\000.\0002\000\040\000C\000o\000n\000s\000t\000r\000u\000c\000t\000o\000r\000\040\000\046\000\040\000D\000e\000s\000t\000r\000u\000c\000t\000o\000r\000\040\000D\000o\000c\000u\000m\000e\000n\000t\000a\000t\000i\000o\000n}{section.3.5}% 53
\BOOKMARK [3][-]{subsubsection.3.5.2.1}{\376\377\0003\000.\0005\000.\0002\000.\0001\000\040\000m\000y\000U\000c\000\050\000\051\000\040\000[\0001\000/\0002\000]}{subsection.3.5.2}% 54
\BOOKMARK [3][-]{subsubsection.3.5.2.2}{\376\377\0003\000.\0005\000.\0002\000.\0002\000\040\000m\000y\000U\000c\000\050\000\051\000\040\000[\0002\000/\0002\000]}{subsection.3.5.2}% 55
\BOOKMARK [2][-]{subsection.3.5.3}{\376\377\0003\000.\0005\000.\0003\000\040\000M\000e\000m\000b\000e\000r\000\040\000F\000u\000n\000c\000t\000i\000o\000n\000\040\000D\000o\000c\000u\000m\000e\000n\000t\000a\000t\000i\000o\000n}{section.3.5}% 56
\BOOKMARK [3][-]{subsubsection.3.5.3.1}{\376\377\0003\000.\0005\000.\0003\000.\0001\000\040\000a\000d\000d\000C\000l\000a\000s\000s\000\050\000\051}{subsection.3.5.3}% 57
\BOOKMARK [3][-]{subsubsection.3.5.3.2}{\376\377\0003\000.\0005\000.\0003\000.\0002\000\040\000a\000d\000d\000C\000l\000a\000s\000s\000I\000n\000f\000o\000\050\000\051}{subsection.3.5.3}% 58
\BOOKMARK [3][-]{subsubsection.3.5.3.3}{\376\377\0003\000.\0005\000.\0003\000.\0003\000\040\000c\000o\000m\000p\000a\000r\000e\000U\000c\000C\000o\000d\000e\000\050\000\051}{subsection.3.5.3}% 59
\BOOKMARK [3][-]{subsubsection.3.5.3.4}{\376\377\0003\000.\0005\000.\0003\000.\0004\000\040\000g\000e\000t\000C\000l\000a\000s\000s\000C\000o\000d\000e\000\050\000\051}{subsection.3.5.3}% 60
\BOOKMARK [3][-]{subsubsection.3.5.3.5}{\376\377\0003\000.\0005\000.\0003\000.\0005\000\040\000g\000e\000t\000C\000l\000a\000s\000s\000I\000n\000f\000o\000V\000e\000c\000\050\000\051}{subsection.3.5.3}% 61
\BOOKMARK [3][-]{subsubsection.3.5.3.6}{\376\377\0003\000.\0005\000.\0003\000.\0006\000\040\000g\000e\000t\000U\000c\000C\000o\000d\000e\000\050\000\051}{subsection.3.5.3}% 62
\BOOKMARK [3][-]{subsubsection.3.5.3.7}{\376\377\0003\000.\0005\000.\0003\000.\0007\000\040\000o\000p\000e\000r\000a\000t\000o\000r\000<\000\050\000\051}{subsection.3.5.3}% 63
\BOOKMARK [3][-]{subsubsection.3.5.3.8}{\376\377\0003\000.\0005\000.\0003\000.\0008\000\040\000s\000e\000t\000C\000l\000a\000s\000s\000C\000o\000d\000e\000\050\000\051}{subsection.3.5.3}% 64
\BOOKMARK [3][-]{subsubsection.3.5.3.9}{\376\377\0003\000.\0005\000.\0003\000.\0009\000\040\000S\000e\000t\000U\000c\000\050\000\051}{subsection.3.5.3}% 65
\BOOKMARK [3][-]{subsubsection.3.5.3.10}{\376\377\0003\000.\0005\000.\0003\000.\0001\0000\000\040\000s\000e\000t\000U\000c\000C\000o\000d\000e\000\050\000\051}{subsection.3.5.3}% 66
\BOOKMARK [0][-]{chapter.4}{\376\377\0004\000\040\000F\000i\000l\000e\000\040\000D\000o\000c\000u\000m\000e\000n\000t\000a\000t\000i\000o\000n}{}% 67
\BOOKMARK [1][-]{section.4.1}{\376\377\0004\000.\0001\000\040\000s\000r\000c\000/\000c\000l\000a\000s\000s\000e\000s\000/\000s\000t\000u\000d\000e\000n\000t\000.\000c\000p\000p\000\040\000F\000i\000l\000e\000\040\000R\000e\000f\000e\000r\000e\000n\000c\000e}{chapter.4}% 68
\BOOKMARK [1][-]{section.4.2}{\376\377\0004\000.\0002\000\040\000s\000t\000u\000d\000e\000n\000t\000.\000c\000p\000p}{chapter.4}% 69
\BOOKMARK [1][-]{section.4.3}{\376\377\0004\000.\0003\000\040\000s\000r\000c\000/\000c\000l\000a\000s\000s\000e\000s\000/\000s\000t\000u\000d\000e\000n\000t\000.\000h\000\040\000F\000i\000l\000e\000\040\000R\000e\000f\000e\000r\000e\000n\000c\000e}{chapter.4}% 70
\BOOKMARK [1][-]{section.4.4}{\376\377\0004\000.\0004\000\040\000s\000t\000u\000d\000e\000n\000t\000.\000h}{chapter.4}% 71
\BOOKMARK [1][-]{section.4.5}{\376\377\0004\000.\0005\000\040\000s\000r\000c\000/\000c\000l\000a\000s\000s\000e\000s\000/\000u\000c\000.\000c\000p\000p\000\040\000F\000i\000l\000e\000\040\000R\000e\000f\000e\000r\000e\000n\000c\000e}{chapter.4}% 72
\BOOKMARK [1][-]{section.4.6}{\376\377\0004\000.\0006\000\040\000u\000c\000.\000c\000p\000p}{chapter.4}% 73
\BOOKMARK [1][-]{section.4.7}{\376\377\0004\000.\0007\000\040\000s\000r\000c\000/\000c\000l\000a\000s\000s\000e\000s\000/\000u\000c\000.\000h\000\040\000F\000i\000l\000e\000\040\000R\000e\000f\000e\000r\000e\000n\000c\000e}{chapter.4}% 74
\BOOKMARK [1][-]{section.4.8}{\376\377\0004\000.\0008\000\040\000u\000c\000.\000h}{chapter.4}% 75
\BOOKMARK [1][-]{section.4.9}{\376\377\0004\000.\0009\000\040\000s\000r\000c\000/\000e\000r\000r\000o\000r\000M\000s\000g\000s\000.\000c\000p\000p\000\040\000F\000i\000l\000e\000\040\000R\000e\000f\000e\000r\000e\000n\000c\000e}{chapter.4}% 76
\BOOKMARK [2][-]{subsection.4.9.1}{\376\377\0004\000.\0009\000.\0001\000\040\000F\000u\000n\000c\000t\000i\000o\000n\000\040\000D\000o\000c\000u\000m\000e\000n\000t\000a\000t\000i\000o\000n}{section.4.9}% 77
\BOOKMARK [3][-]{subsubsection.4.9.1.1}{\376\377\0004\000.\0009\000.\0001\000.\0001\000\040\000e\000r\000r\000o\000r\000C\000h\000e\000c\000k\000\050\000\051}{subsection.4.9.1}% 78
\BOOKMARK [3][-]{subsubsection.4.9.1.2}{\376\377\0004\000.\0009\000.\0001\000.\0002\000\040\000e\000r\000r\000o\000r\000M\000e\000s\000s\000a\000g\000e\000\050\000\051}{subsection.4.9.1}% 79
\BOOKMARK [3][-]{subsubsection.4.9.1.3}{\376\377\0004\000.\0009\000.\0001\000.\0003\000\040\000e\000r\000r\000o\000r\000M\000e\000s\000s\000a\000g\000e\000F\000i\000l\000e\000\050\000\051}{subsection.4.9.1}% 80
\BOOKMARK [3][-]{subsubsection.4.9.1.4}{\376\377\0004\000.\0009\000.\0001\000.\0004\000\040\000e\000r\000r\000o\000r\000M\000e\000s\000s\000a\000g\000e\000L\000i\000n\000e\000\050\000\051}{subsection.4.9.1}% 81
\BOOKMARK [3][-]{subsubsection.4.9.1.5}{\376\377\0004\000.\0009\000.\0001\000.\0005\000\040\000w\000o\000r\000k\000i\000n\000g\000M\000e\000s\000s\000a\000g\000e\000\050\000\051}{subsection.4.9.1}% 82
\BOOKMARK [1][-]{section.4.10}{\376\377\0004\000.\0001\0000\000\040\000e\000r\000r\000o\000r\000M\000s\000g\000s\000.\000c\000p\000p}{chapter.4}% 83
\BOOKMARK [1][-]{section.4.11}{\376\377\0004\000.\0001\0001\000\040\000s\000r\000c\000/\000f\000u\000n\000c\000t\000i\000o\000n\000s\000/\000d\000b\000S\000t\000u\000d\000e\000n\000t\000s\000.\000c\000p\000p\000\040\000F\000i\000l\000e\000\040\000R\000e\000f\000e\000r\000e\000n\000c\000e}{chapter.4}% 84
\BOOKMARK [2][-]{subsection.4.11.1}{\376\377\0004\000.\0001\0001\000.\0001\000\040\000F\000u\000n\000c\000t\000i\000o\000n\000\040\000D\000o\000c\000u\000m\000e\000n\000t\000a\000t\000i\000o\000n}{section.4.11}% 85
\BOOKMARK [3][-]{subsubsection.4.11.1.1}{\376\377\0004\000.\0001\0001\000.\0001\000.\0001\000\040\000a\000d\000d\000C\000l\000a\000s\000s\000S\000t\000u\000d\000e\000n\000t\000\050\000\051}{subsection.4.11.1}% 86
\BOOKMARK [3][-]{subsubsection.4.11.1.2}{\376\377\0004\000.\0001\0001\000.\0001\000.\0002\000\040\000c\000o\000m\000p\000a\000r\000e\000S\000t\000u\000d\000e\000n\000t\000N\000a\000m\000e\000A\000s\000c\000\050\000\051}{subsection.4.11.1}% 87
\BOOKMARK [3][-]{subsubsection.4.11.1.3}{\376\377\0004\000.\0001\0001\000.\0001\000.\0003\000\040\000c\000o\000m\000p\000a\000r\000e\000S\000t\000u\000d\000e\000n\000t\000N\000a\000m\000e\000D\000e\000s\000c\000\050\000\051}{subsection.4.11.1}% 88
\BOOKMARK [3][-]{subsubsection.4.11.1.4}{\376\377\0004\000.\0001\0001\000.\0001\000.\0004\000\040\000c\000o\000m\000p\000a\000r\000e\000S\000t\000u\000d\000e\000n\000t\000s\000C\000o\000d\000e\000A\000s\000c\000\050\000\051}{subsection.4.11.1}% 89
\BOOKMARK [3][-]{subsubsection.4.11.1.5}{\376\377\0004\000.\0001\0001\000.\0001\000.\0005\000\040\000c\000o\000m\000p\000a\000r\000e\000S\000t\000u\000d\000e\000n\000t\000s\000C\000o\000d\000e\000D\000e\000s\000c\000\050\000\051}{subsection.4.11.1}% 90
\BOOKMARK [3][-]{subsubsection.4.11.1.6}{\376\377\0004\000.\0001\0001\000.\0001\000.\0006\000\040\000f\000i\000l\000t\000e\000r\000I\000n\000f\000o\000S\000t\000u\000d\000e\000n\000t\000\050\000\051}{subsection.4.11.1}% 91
\BOOKMARK [3][-]{subsubsection.4.11.1.7}{\376\377\0004\000.\0001\0001\000.\0001\000.\0007\000\040\000o\000r\000d\000e\000r\000I\000n\000f\000o\000S\000t\000u\000d\000e\000n\000t\000\050\000\051}{subsection.4.11.1}% 92
\BOOKMARK [3][-]{subsubsection.4.11.1.8}{\376\377\0004\000.\0001\0001\000.\0001\000.\0008\000\040\000o\000r\000d\000e\000r\000S\000t\000u\000d\000e\000n\000t\000C\000l\000a\000s\000s\000\050\000\051}{subsection.4.11.1}% 93
\BOOKMARK [3][-]{subsubsection.4.11.1.9}{\376\377\0004\000.\0001\0001\000.\0001\000.\0009\000\040\000o\000r\000g\000a\000n\000i\000z\000e\000r\000U\000c\000S\000t\000u\000d\000e\000n\000t\000\050\000\051}{subsection.4.11.1}% 94
\BOOKMARK [3][-]{subsubsection.4.11.1.10}{\376\377\0004\000.\0001\0001\000.\0001\000.\0001\0000\000\040\000r\000e\000m\000o\000v\000e\000U\000c\000S\000t\000u\000d\000e\000n\000t\000\050\000\051}{subsection.4.11.1}% 95
\BOOKMARK [3][-]{subsubsection.4.11.1.11}{\376\377\0004\000.\0001\0001\000.\0001\000.\0001\0001\000\040\000s\000e\000l\000e\000c\000t\000S\000t\000u\000d\000e\000n\000t\000\050\000\051}{subsection.4.11.1}% 96
\BOOKMARK [3][-]{subsubsection.4.11.1.12}{\376\377\0004\000.\0001\0001\000.\0001\000.\0001\0002\000\040\000u\000p\000d\000a\000t\000e\000C\000o\000u\000n\000t\000C\000l\000a\000s\000s\000e\000s\000\050\000\051}{subsection.4.11.1}% 97
\BOOKMARK [3][-]{subsubsection.4.11.1.13}{\376\377\0004\000.\0001\0001\000.\0001\000.\0001\0003\000\040\000v\000a\000l\000i\000d\000e\000N\000e\000w\000C\000l\000a\000s\000s\000\050\000\051}{subsection.4.11.1}% 98
\BOOKMARK [3][-]{subsubsection.4.11.1.14}{\376\377\0004\000.\0001\0001\000.\0001\000.\0001\0004\000\040\000v\000e\000r\000i\000f\000y\000U\000c\000C\000o\000d\000e\000\050\000\051}{subsection.4.11.1}% 99
\BOOKMARK [3][-]{subsubsection.4.11.1.15}{\376\377\0004\000.\0001\0001\000.\0001\000.\0001\0005\000\040\000w\000e\000e\000k\000D\000a\000y\000S\000t\000r\000i\000n\000g\000\050\000\051}{subsection.4.11.1}% 100
\BOOKMARK [1][-]{section.4.12}{\376\377\0004\000.\0001\0002\000\040\000d\000b\000S\000t\000u\000d\000e\000n\000t\000s\000.\000c\000p\000p}{chapter.4}% 101
\BOOKMARK [1][-]{section.4.13}{\376\377\0004\000.\0001\0003\000\040\000s\000r\000c\000/\000f\000u\000n\000c\000t\000i\000o\000n\000s\000/\000d\000b\000S\000t\000u\000d\000e\000n\000t\000s\000.\000h\000\040\000F\000i\000l\000e\000\040\000R\000e\000f\000e\000r\000e\000n\000c\000e}{chapter.4}% 102
\BOOKMARK [2][-]{subsection.4.13.1}{\376\377\0004\000.\0001\0003\000.\0001\000\040\000F\000u\000n\000c\000t\000i\000o\000n\000\040\000D\000o\000c\000u\000m\000e\000n\000t\000a\000t\000i\000o\000n}{section.4.13}% 103
\BOOKMARK [3][-]{subsubsection.4.13.1.1}{\376\377\0004\000.\0001\0003\000.\0001\000.\0001\000\040\000a\000d\000d\000C\000l\000a\000s\000s\000S\000t\000u\000d\000e\000n\000t\000\050\000\051}{subsection.4.13.1}% 104
\BOOKMARK [3][-]{subsubsection.4.13.1.2}{\376\377\0004\000.\0001\0003\000.\0001\000.\0002\000\040\000c\000o\000m\000p\000a\000r\000e\000S\000t\000u\000d\000e\000n\000t\000N\000a\000m\000e\000A\000s\000c\000\050\000\051}{subsection.4.13.1}% 105
\BOOKMARK [3][-]{subsubsection.4.13.1.3}{\376\377\0004\000.\0001\0003\000.\0001\000.\0003\000\040\000c\000o\000m\000p\000a\000r\000e\000S\000t\000u\000d\000e\000n\000t\000N\000a\000m\000e\000D\000e\000s\000c\000\050\000\051}{subsection.4.13.1}% 106
\BOOKMARK [3][-]{subsubsection.4.13.1.4}{\376\377\0004\000.\0001\0003\000.\0001\000.\0004\000\040\000c\000o\000m\000p\000a\000r\000e\000S\000t\000u\000d\000e\000n\000t\000s\000C\000o\000d\000e\000A\000s\000c\000\050\000\051}{subsection.4.13.1}% 107
\BOOKMARK [3][-]{subsubsection.4.13.1.5}{\376\377\0004\000.\0001\0003\000.\0001\000.\0005\000\040\000c\000o\000m\000p\000a\000r\000e\000S\000t\000u\000d\000e\000n\000t\000s\000C\000o\000d\000e\000D\000e\000s\000c\000\050\000\051}{subsection.4.13.1}% 108
\BOOKMARK [3][-]{subsubsection.4.13.1.6}{\376\377\0004\000.\0001\0003\000.\0001\000.\0006\000\040\000e\000r\000r\000o\000r\000M\000e\000s\000s\000a\000g\000e\000\050\000\051}{subsection.4.13.1}% 109
\BOOKMARK [3][-]{subsubsection.4.13.1.7}{\376\377\0004\000.\0001\0003\000.\0001\000.\0007\000\040\000f\000i\000l\000t\000e\000r\000I\000n\000f\000o\000S\000t\000u\000d\000e\000n\000t\000\050\000\051}{subsection.4.13.1}% 110
\BOOKMARK [3][-]{subsubsection.4.13.1.8}{\376\377\0004\000.\0001\0003\000.\0001\000.\0008\000\040\000o\000r\000d\000e\000r\000I\000n\000f\000o\000S\000t\000u\000d\000e\000n\000t\000\050\000\051}{subsection.4.13.1}% 111
\BOOKMARK [3][-]{subsubsection.4.13.1.9}{\376\377\0004\000.\0001\0003\000.\0001\000.\0009\000\040\000o\000r\000d\000e\000r\000S\000t\000u\000d\000e\000n\000t\000C\000l\000a\000s\000s\000\050\000\051}{subsection.4.13.1}% 112
\BOOKMARK [3][-]{subsubsection.4.13.1.10}{\376\377\0004\000.\0001\0003\000.\0001\000.\0001\0000\000\040\000r\000e\000m\000o\000v\000e\000U\000c\000S\000t\000u\000d\000e\000n\000t\000\050\000\051}{subsection.4.13.1}% 113
\BOOKMARK [3][-]{subsubsection.4.13.1.11}{\376\377\0004\000.\0001\0003\000.\0001\000.\0001\0001\000\040\000s\000e\000l\000e\000c\000t\000S\000t\000u\000d\000e\000n\000t\000\050\000\051}{subsection.4.13.1}% 114
\BOOKMARK [3][-]{subsubsection.4.13.1.12}{\376\377\0004\000.\0001\0003\000.\0001\000.\0001\0002\000\040\000u\000p\000d\000a\000t\000e\000C\000o\000u\000n\000t\000C\000l\000a\000s\000s\000e\000s\000\050\000\051}{subsection.4.13.1}% 115
\BOOKMARK [3][-]{subsubsection.4.13.1.13}{\376\377\0004\000.\0001\0003\000.\0001\000.\0001\0003\000\040\000v\000a\000l\000i\000d\000e\000N\000e\000w\000C\000l\000a\000s\000s\000\050\000\051}{subsection.4.13.1}% 116
\BOOKMARK [3][-]{subsubsection.4.13.1.14}{\376\377\0004\000.\0001\0003\000.\0001\000.\0001\0004\000\040\000v\000e\000r\000i\000f\000y\000U\000c\000C\000o\000d\000e\000\050\000\051}{subsection.4.13.1}% 117
\BOOKMARK [3][-]{subsubsection.4.13.1.15}{\376\377\0004\000.\0001\0003\000.\0001\000.\0001\0005\000\040\000w\000e\000e\000k\000D\000a\000y\000S\000t\000r\000i\000n\000g\000\050\000\051}{subsection.4.13.1}% 118
\BOOKMARK [1][-]{section.4.14}{\376\377\0004\000.\0001\0004\000\040\000d\000b\000S\000t\000u\000d\000e\000n\000t\000s\000.\000h}{chapter.4}% 119
\BOOKMARK [1][-]{section.4.15}{\376\377\0004\000.\0001\0005\000\040\000s\000r\000c\000/\000f\000u\000n\000c\000t\000i\000o\000n\000s\000/\000d\000b\000U\000c\000s\000.\000c\000p\000p\000\040\000F\000i\000l\000e\000\040\000R\000e\000f\000e\000r\000e\000n\000c\000e}{chapter.4}% 120
\BOOKMARK [2][-]{subsection.4.15.1}{\376\377\0004\000.\0001\0005\000.\0001\000\040\000F\000u\000n\000c\000t\000i\000o\000n\000\040\000D\000o\000c\000u\000m\000e\000n\000t\000a\000t\000i\000o\000n}{section.4.15}% 121
\BOOKMARK [3][-]{subsubsection.4.15.1.1}{\376\377\0004\000.\0001\0005\000.\0001\000.\0001\000\040\000c\000o\000m\000p\000a\000r\000e\000C\000l\000a\000s\000s\000e\000s\000C\000o\000d\000e\000A\000s\000c\000\050\000\051}{subsection.4.15.1}% 122
\BOOKMARK [3][-]{subsubsection.4.15.1.2}{\376\377\0004\000.\0001\0005\000.\0001\000.\0002\000\040\000c\000o\000m\000p\000a\000r\000e\000C\000l\000a\000s\000s\000e\000s\000C\000o\000d\000e\000D\000e\000s\000c\000\050\000\051}{subsection.4.15.1}% 123
\BOOKMARK [3][-]{subsubsection.4.15.1.3}{\376\377\0004\000.\0001\0005\000.\0001\000.\0003\000\040\000c\000o\000m\000p\000a\000r\000e\000U\000c\000s\000C\000o\000d\000e\000A\000S\000C\000\050\000\051}{subsection.4.15.1}% 124
\BOOKMARK [3][-]{subsubsection.4.15.1.4}{\376\377\0004\000.\0001\0005\000.\0001\000.\0004\000\040\000c\000o\000m\000p\000a\000r\000e\000U\000c\000s\000C\000o\000d\000e\000D\000e\000s\000c\000\050\000\051}{subsection.4.15.1}% 125
\BOOKMARK [3][-]{subsubsection.4.15.1.5}{\376\377\0004\000.\0001\0005\000.\0001\000.\0005\000\040\000f\000i\000l\000t\000e\000r\000I\000n\000f\000o\000U\000c\000\050\000\051}{subsection.4.15.1}% 126
\BOOKMARK [3][-]{subsubsection.4.15.1.6}{\376\377\0004\000.\0001\0005\000.\0001\000.\0006\000\040\000o\000r\000d\000e\000r\000I\000n\000f\000o\000U\000c\000\050\000\051}{subsection.4.15.1}% 127
\BOOKMARK [3][-]{subsubsection.4.15.1.7}{\376\377\0004\000.\0001\0005\000.\0001\000.\0007\000\040\000s\000e\000l\000e\000c\000t\000U\000c\000\050\000\051}{subsection.4.15.1}% 128
\BOOKMARK [1][-]{section.4.16}{\376\377\0004\000.\0001\0006\000\040\000d\000b\000U\000c\000s\000.\000c\000p\000p}{chapter.4}% 129
\BOOKMARK [1][-]{section.4.17}{\376\377\0004\000.\0001\0007\000\040\000s\000r\000c\000/\000f\000u\000n\000c\000t\000i\000o\000n\000s\000/\000d\000b\000U\000c\000s\000.\000h\000\040\000F\000i\000l\000e\000\040\000R\000e\000f\000e\000r\000e\000n\000c\000e}{chapter.4}% 130
\BOOKMARK [2][-]{subsection.4.17.1}{\376\377\0004\000.\0001\0007\000.\0001\000\040\000F\000u\000n\000c\000t\000i\000o\000n\000\040\000D\000o\000c\000u\000m\000e\000n\000t\000a\000t\000i\000o\000n}{section.4.17}% 131
\BOOKMARK [3][-]{subsubsection.4.17.1.1}{\376\377\0004\000.\0001\0007\000.\0001\000.\0001\000\040\000c\000o\000m\000p\000a\000r\000e\000C\000l\000a\000s\000s\000e\000s\000C\000o\000d\000e\000\050\000\051}{subsection.4.17.1}% 132
\BOOKMARK [3][-]{subsubsection.4.17.1.2}{\376\377\0004\000.\0001\0007\000.\0001\000.\0002\000\040\000c\000o\000m\000p\000a\000r\000e\000U\000c\000s\000C\000o\000d\000e\000\050\000\051}{subsection.4.17.1}% 133
\BOOKMARK [3][-]{subsubsection.4.17.1.3}{\376\377\0004\000.\0001\0007\000.\0001\000.\0003\000\040\000e\000r\000r\000o\000r\000M\000e\000s\000s\000a\000g\000e\000\050\000\051}{subsection.4.17.1}% 134
\BOOKMARK [3][-]{subsubsection.4.17.1.4}{\376\377\0004\000.\0001\0007\000.\0001\000.\0004\000\040\000f\000i\000l\000t\000e\000r\000I\000n\000f\000o\000U\000c\000\050\000\051}{subsection.4.17.1}% 135
\BOOKMARK [3][-]{subsubsection.4.17.1.5}{\376\377\0004\000.\0001\0007\000.\0001\000.\0005\000\040\000o\000r\000d\000e\000r\000I\000n\000f\000o\000U\000c\000\050\000\051}{subsection.4.17.1}% 136
\BOOKMARK [3][-]{subsubsection.4.17.1.6}{\376\377\0004\000.\0001\0007\000.\0001\000.\0006\000\040\000s\000e\000l\000e\000c\000t\000U\000c\000\050\000\051}{subsection.4.17.1}% 137
\BOOKMARK [1][-]{section.4.18}{\376\377\0004\000.\0001\0008\000\040\000d\000b\000U\000c\000s\000.\000h}{chapter.4}% 138
\BOOKMARK [1][-]{section.4.19}{\376\377\0004\000.\0001\0009\000\040\000s\000r\000c\000/\000i\000n\000p\000u\000t\000o\000u\000t\000p\000u\000t\000/\000k\000e\000e\000p\000A\000l\000l\000C\000h\000a\000n\000g\000e\000s\000.\000c\000p\000p\000\040\000F\000i\000l\000e\000\040\000R\000e\000f\000e\000r\000e\000n\000c\000e}{chapter.4}% 139
\BOOKMARK [2][-]{subsection.4.19.1}{\376\377\0004\000.\0001\0009\000.\0001\000\040\000F\000u\000n\000c\000t\000i\000o\000n\000\040\000D\000o\000c\000u\000m\000e\000n\000t\000a\000t\000i\000o\000n}{section.4.19}% 140
\BOOKMARK [3][-]{subsubsection.4.19.1.1}{\376\377\0004\000.\0001\0009\000.\0001\000.\0001\000\040\000b\000a\000c\000k\000u\000p\000F\000i\000l\000e\000\050\000\051}{subsection.4.19.1}% 141
\BOOKMARK [3][-]{subsubsection.4.19.1.2}{\376\377\0004\000.\0001\0009\000.\0001\000.\0002\000\040\000g\000e\000t\000S\000y\000s\000d\000a\000t\000e\000\050\000\051}{subsection.4.19.1}% 142
\BOOKMARK [3][-]{subsubsection.4.19.1.3}{\376\377\0004\000.\0001\0009\000.\0001\000.\0003\000\040\000k\000e\000e\000p\000A\000l\000l\000C\000h\000a\000n\000g\000e\000s\000\050\000\051}{subsection.4.19.1}% 143
\BOOKMARK [3][-]{subsubsection.4.19.1.4}{\376\377\0004\000.\0001\0009\000.\0001\000.\0004\000\040\000l\000i\000s\000t\000A\000l\000l\000B\000a\000c\000k\000u\000p\000s\000\050\000\051}{subsection.4.19.1}% 144
\BOOKMARK [3][-]{subsubsection.4.19.1.5}{\376\377\0004\000.\0001\0009\000.\0001\000.\0005\000\040\000m\000a\000k\000e\000B\000a\000c\000k\000u\000p\000\050\000\051}{subsection.4.19.1}% 145
\BOOKMARK [3][-]{subsubsection.4.19.1.6}{\376\377\0004\000.\0001\0009\000.\0001\000.\0006\000\040\000o\000r\000d\000e\000r\000V\000e\000c\000t\000o\000r\000\050\000\051}{subsection.4.19.1}% 146
\BOOKMARK [3][-]{subsubsection.4.19.1.7}{\376\377\0004\000.\0001\0009\000.\0001\000.\0007\000\040\000p\000r\000i\000n\000t\000A\000l\000l\000B\000a\000c\000k\000u\000p\000s\000\050\000\051}{subsection.4.19.1}% 147
\BOOKMARK [3][-]{subsubsection.4.19.1.8}{\376\377\0004\000.\0001\0009\000.\0001\000.\0008\000\040\000p\000r\000i\000n\000t\000C\000h\000a\000n\000g\000e\000s\000\050\000\051}{subsection.4.19.1}% 148
\BOOKMARK [2][-]{subsection.4.19.2}{\376\377\0004\000.\0001\0009\000.\0002\000\040\000V\000a\000r\000i\000a\000b\000l\000e\000\040\000D\000o\000c\000u\000m\000e\000n\000t\000a\000t\000i\000o\000n}{section.4.19}% 149
\BOOKMARK [3][-]{subsubsection.4.19.2.1}{\376\377\0004\000.\0001\0009\000.\0002\000.\0001\000\040\000b\000a\000c\000k\000u\000p\000s}{subsection.4.19.2}% 150
\BOOKMARK [1][-]{section.4.20}{\376\377\0004\000.\0002\0000\000\040\000k\000e\000e\000p\000A\000l\000l\000C\000h\000a\000n\000g\000e\000s\000.\000c\000p\000p}{chapter.4}% 151
\BOOKMARK [1][-]{section.4.21}{\376\377\0004\000.\0002\0001\000\040\000s\000r\000c\000/\000i\000n\000p\000u\000t\000o\000u\000t\000p\000u\000t\000/\000k\000e\000e\000p\000A\000l\000l\000C\000h\000a\000n\000g\000e\000s\000.\000h\000\040\000F\000i\000l\000e\000\040\000R\000e\000f\000e\000r\000e\000n\000c\000e}{chapter.4}% 152
\BOOKMARK [2][-]{subsection.4.21.1}{\376\377\0004\000.\0002\0001\000.\0001\000\040\000F\000u\000n\000c\000t\000i\000o\000n\000\040\000D\000o\000c\000u\000m\000e\000n\000t\000a\000t\000i\000o\000n}{section.4.21}% 153
\BOOKMARK [3][-]{subsubsection.4.21.1.1}{\376\377\0004\000.\0002\0001\000.\0001\000.\0001\000\040\000b\000a\000c\000k\000u\000p\000F\000i\000l\000e\000\050\000\051}{subsection.4.21.1}% 154
\BOOKMARK [3][-]{subsubsection.4.21.1.2}{\376\377\0004\000.\0002\0001\000.\0001\000.\0002\000\040\000g\000e\000t\000S\000y\000s\000d\000a\000t\000e\000\050\000\051}{subsection.4.21.1}% 155
\BOOKMARK [3][-]{subsubsection.4.21.1.3}{\376\377\0004\000.\0002\0001\000.\0001\000.\0003\000\040\000k\000e\000e\000p\000A\000l\000l\000C\000h\000a\000n\000g\000e\000s\000\050\000\051\000\040\000[\0001\000/\0002\000]}{subsection.4.21.1}% 156
\BOOKMARK [3][-]{subsubsection.4.21.1.4}{\376\377\0004\000.\0002\0001\000.\0001\000.\0004\000\040\000k\000e\000e\000p\000A\000l\000l\000C\000h\000a\000n\000g\000e\000s\000\050\000\051\000\040\000[\0002\000/\0002\000]}{subsection.4.21.1}% 157
\BOOKMARK [3][-]{subsubsection.4.21.1.5}{\376\377\0004\000.\0002\0001\000.\0001\000.\0005\000\040\000l\000i\000s\000t\000A\000l\000l\000B\000a\000c\000k\000u\000p\000s\000\050\000\051}{subsection.4.21.1}% 158
\BOOKMARK [3][-]{subsubsection.4.21.1.6}{\376\377\0004\000.\0002\0001\000.\0001\000.\0006\000\040\000m\000a\000k\000e\000B\000a\000c\000k\000u\000p\000\050\000\051}{subsection.4.21.1}% 159
\BOOKMARK [3][-]{subsubsection.4.21.1.7}{\376\377\0004\000.\0002\0001\000.\0001\000.\0007\000\040\000o\000r\000d\000e\000r\000V\000e\000c\000t\000o\000r\000\050\000\051}{subsection.4.21.1}% 160
\BOOKMARK [3][-]{subsubsection.4.21.1.8}{\376\377\0004\000.\0002\0001\000.\0001\000.\0008\000\040\000p\000r\000i\000n\000t\000A\000l\000l\000B\000a\000c\000k\000u\000p\000s\000\050\000\051}{subsection.4.21.1}% 161
\BOOKMARK [3][-]{subsubsection.4.21.1.9}{\376\377\0004\000.\0002\0001\000.\0001\000.\0009\000\040\000p\000r\000i\000n\000t\000C\000h\000a\000n\000g\000e\000s\000\050\000\051}{subsection.4.21.1}% 162
\BOOKMARK [1][-]{section.4.22}{\376\377\0004\000.\0002\0002\000\040\000k\000e\000e\000p\000A\000l\000l\000C\000h\000a\000n\000g\000e\000s\000.\000h}{chapter.4}% 163
\BOOKMARK [1][-]{section.4.23}{\376\377\0004\000.\0002\0003\000\040\000s\000r\000c\000/\000i\000n\000p\000u\000t\000o\000u\000t\000p\000u\000t\000/\000p\000r\000i\000n\000t\000.\000c\000p\000p\000\040\000F\000i\000l\000e\000\040\000R\000e\000f\000e\000r\000e\000n\000c\000e}{chapter.4}% 164
\BOOKMARK [2][-]{subsection.4.23.1}{\376\377\0004\000.\0002\0003\000.\0001\000\040\000F\000u\000n\000c\000t\000i\000o\000n\000\040\000D\000o\000c\000u\000m\000e\000n\000t\000a\000t\000i\000o\000n}{section.4.23}% 165
\BOOKMARK [3][-]{subsubsection.4.23.1.1}{\376\377\0004\000.\0002\0003\000.\0001\000.\0001\000\040\000p\000r\000i\000n\000t\000F\000r\000e\000e\000C\000l\000a\000s\000s\000e\000s\000\050\000\051}{subsection.4.23.1}% 166
\BOOKMARK [3][-]{subsubsection.4.23.1.2}{\376\377\0004\000.\0002\0003\000.\0001\000.\0002\000\040\000p\000r\000i\000n\000t\000S\000t\000u\000d\000e\000n\000t\000\050\000\051}{subsection.4.23.1}% 167
\BOOKMARK [3][-]{subsubsection.4.23.1.3}{\376\377\0004\000.\0002\0003\000.\0001\000.\0003\000\040\000p\000r\000i\000n\000t\000S\000t\000u\000d\000e\000n\000t\000C\000l\000a\000s\000s\000e\000s\000\050\000\051}{subsection.4.23.1}% 168
\BOOKMARK [3][-]{subsubsection.4.23.1.4}{\376\377\0004\000.\0002\0003\000.\0001\000.\0004\000\040\000p\000r\000i\000n\000t\000S\000t\000u\000d\000e\000n\000t\000s\000\050\000\051}{subsection.4.23.1}% 169
\BOOKMARK [3][-]{subsubsection.4.23.1.5}{\376\377\0004\000.\0002\0003\000.\0001\000.\0005\000\040\000p\000r\000i\000n\000t\000S\000t\000u\000d\000e\000n\000t\000S\000c\000h\000e\000d\000u\000l\000e\000s\000\050\000\051}{subsection.4.23.1}% 170
\BOOKMARK [3][-]{subsubsection.4.23.1.6}{\376\377\0004\000.\0002\0003\000.\0001\000.\0006\000\040\000p\000r\000i\000n\000t\000U\000c\000C\000l\000a\000s\000s\000e\000s\000\050\000\051}{subsection.4.23.1}% 171
\BOOKMARK [3][-]{subsubsection.4.23.1.7}{\376\377\0004\000.\0002\0003\000.\0001\000.\0007\000\040\000p\000r\000i\000n\000t\000U\000c\000s\000\050\000\051}{subsection.4.23.1}% 172
\BOOKMARK [3][-]{subsubsection.4.23.1.8}{\376\377\0004\000.\0002\0003\000.\0001\000.\0008\000\040\000v\000a\000l\000i\000d\000e\000F\000r\000e\000e\000C\000l\000a\000s\000s\000\050\000\051}{subsection.4.23.1}% 173
\BOOKMARK [3][-]{subsubsection.4.23.1.9}{\376\377\0004\000.\0002\0003\000.\0001\000.\0009\000\040\000v\000e\000r\000i\000f\000y\000C\000l\000a\000s\000s\000C\000o\000d\000e\000\050\000\051}{subsection.4.23.1}% 174
\BOOKMARK [2][-]{subsection.4.23.2}{\376\377\0004\000.\0002\0003\000.\0002\000\040\000V\000a\000r\000i\000a\000b\000l\000e\000\040\000D\000o\000c\000u\000m\000e\000n\000t\000a\000t\000i\000o\000n}{section.4.23}% 175
\BOOKMARK [3][-]{subsubsection.4.23.2.1}{\376\377\0004\000.\0002\0003\000.\0002\000.\0001\000\040\000e\000q\000u\000i\000l\000i\000b\000r\000e}{subsection.4.23.2}% 176
\BOOKMARK [3][-]{subsubsection.4.23.2.2}{\376\377\0004\000.\0002\0003\000.\0002\000.\0002\000\040\000m\000a\000x\000\137\000s\000t\000u\000d\000e\000n\000t\000s}{subsection.4.23.2}% 177
\BOOKMARK [1][-]{section.4.24}{\376\377\0004\000.\0002\0004\000\040\000p\000r\000i\000n\000t\000.\000c\000p\000p}{chapter.4}% 178
\BOOKMARK [1][-]{section.4.25}{\376\377\0004\000.\0002\0005\000\040\000s\000r\000c\000/\000i\000n\000p\000u\000t\000o\000u\000t\000p\000u\000t\000/\000p\000r\000i\000n\000t\000.\000h\000\040\000F\000i\000l\000e\000\040\000R\000e\000f\000e\000r\000e\000n\000c\000e}{chapter.4}% 179
\BOOKMARK [2][-]{subsection.4.25.1}{\376\377\0004\000.\0002\0005\000.\0001\000\040\000F\000u\000n\000c\000t\000i\000o\000n\000\040\000D\000o\000c\000u\000m\000e\000n\000t\000a\000t\000i\000o\000n}{section.4.25}% 180
\BOOKMARK [3][-]{subsubsection.4.25.1.1}{\376\377\0004\000.\0002\0005\000.\0001\000.\0001\000\040\000e\000r\000r\000o\000r\000M\000e\000s\000s\000a\000g\000e\000\050\000\051}{subsection.4.25.1}% 181
\BOOKMARK [3][-]{subsubsection.4.25.1.2}{\376\377\0004\000.\0002\0005\000.\0001\000.\0002\000\040\000p\000r\000i\000n\000t\000F\000r\000e\000e\000C\000l\000a\000s\000s\000e\000s\000\050\000\051}{subsection.4.25.1}% 182
\BOOKMARK [3][-]{subsubsection.4.25.1.3}{\376\377\0004\000.\0002\0005\000.\0001\000.\0003\000\040\000p\000r\000i\000n\000t\000S\000t\000u\000d\000e\000n\000t\000\050\000\051}{subsection.4.25.1}% 183
\BOOKMARK [3][-]{subsubsection.4.25.1.4}{\376\377\0004\000.\0002\0005\000.\0001\000.\0004\000\040\000p\000r\000i\000n\000t\000S\000t\000u\000d\000e\000n\000t\000C\000l\000a\000s\000s\000e\000s\000\050\000\051}{subsection.4.25.1}% 184
\BOOKMARK [3][-]{subsubsection.4.25.1.5}{\376\377\0004\000.\0002\0005\000.\0001\000.\0005\000\040\000p\000r\000i\000n\000t\000S\000t\000u\000d\000e\000n\000t\000s\000\050\000\051}{subsection.4.25.1}% 185
\BOOKMARK [3][-]{subsubsection.4.25.1.6}{\376\377\0004\000.\0002\0005\000.\0001\000.\0006\000\040\000p\000r\000i\000n\000t\000S\000t\000u\000d\000e\000n\000t\000S\000c\000h\000e\000d\000u\000l\000e\000s\000\050\000\051}{subsection.4.25.1}% 186
\BOOKMARK [3][-]{subsubsection.4.25.1.7}{\376\377\0004\000.\0002\0005\000.\0001\000.\0007\000\040\000p\000r\000i\000n\000t\000U\000c\000C\000l\000a\000s\000s\000e\000s\000\050\000\051}{subsection.4.25.1}% 187
\BOOKMARK [3][-]{subsubsection.4.25.1.8}{\376\377\0004\000.\0002\0005\000.\0001\000.\0008\000\040\000p\000r\000i\000n\000t\000U\000c\000s\000\050\000\051}{subsection.4.25.1}% 188
\BOOKMARK [3][-]{subsubsection.4.25.1.9}{\376\377\0004\000.\0002\0005\000.\0001\000.\0009\000\040\000v\000a\000l\000i\000d\000e\000F\000r\000e\000e\000C\000l\000a\000s\000s\000\050\000\051}{subsection.4.25.1}% 189
\BOOKMARK [3][-]{subsubsection.4.25.1.10}{\376\377\0004\000.\0002\0005\000.\0001\000.\0001\0000\000\040\000v\000e\000r\000i\000f\000y\000C\000l\000a\000s\000s\000C\000o\000d\000e\000\050\000\051}{subsection.4.25.1}% 190
\BOOKMARK [3][-]{subsubsection.4.25.1.11}{\376\377\0004\000.\0002\0005\000.\0001\000.\0001\0001\000\040\000w\000o\000r\000k\000i\000n\000g\000M\000e\000s\000s\000a\000g\000e\000\050\000\051}{subsection.4.25.1}% 191
\BOOKMARK [1][-]{section.4.26}{\376\377\0004\000.\0002\0006\000\040\000p\000r\000i\000n\000t\000.\000h}{chapter.4}% 192
\BOOKMARK [1][-]{section.4.27}{\376\377\0004\000.\0002\0007\000\040\000s\000r\000c\000/\000i\000n\000p\000u\000t\000o\000u\000t\000p\000u\000t\000/\000r\000e\000a\000d\000.\000c\000p\000p\000\040\000F\000i\000l\000e\000\040\000R\000e\000f\000e\000r\000e\000n\000c\000e}{chapter.4}% 193
\BOOKMARK [2][-]{subsection.4.27.1}{\376\377\0004\000.\0002\0007\000.\0001\000\040\000F\000u\000n\000c\000t\000i\000o\000n\000\040\000D\000o\000c\000u\000m\000e\000n\000t\000a\000t\000i\000o\000n}{section.4.27}% 194
\BOOKMARK [3][-]{subsubsection.4.27.1.1}{\376\377\0004\000.\0002\0007\000.\0001\000.\0001\000\040\000r\000e\000a\000d\000S\000c\000h\000e\000d\000u\000l\000e\000s\000\050\000\051}{subsection.4.27.1}% 195
\BOOKMARK [3][-]{subsubsection.4.27.1.2}{\376\377\0004\000.\0002\0007\000.\0001\000.\0002\000\040\000r\000e\000a\000d\000S\000t\000u\000d\000e\000n\000t\000s\000\050\000\051}{subsection.4.27.1}% 196
\BOOKMARK [3][-]{subsubsection.4.27.1.3}{\376\377\0004\000.\0002\0007\000.\0001\000.\0003\000\040\000r\000e\000a\000d\000U\000c\000s\000\050\000\051}{subsection.4.27.1}% 197
\BOOKMARK [1][-]{section.4.28}{\376\377\0004\000.\0002\0008\000\040\000r\000e\000a\000d\000.\000c\000p\000p}{chapter.4}% 198
\BOOKMARK [1][-]{section.4.29}{\376\377\0004\000.\0002\0009\000\040\000s\000r\000c\000/\000i\000n\000p\000u\000t\000o\000u\000t\000p\000u\000t\000/\000r\000e\000a\000d\000.\000h\000\040\000F\000i\000l\000e\000\040\000R\000e\000f\000e\000r\000e\000n\000c\000e}{chapter.4}% 199
\BOOKMARK [2][-]{subsection.4.29.1}{\376\377\0004\000.\0002\0009\000.\0001\000\040\000F\000u\000n\000c\000t\000i\000o\000n\000\040\000D\000o\000c\000u\000m\000e\000n\000t\000a\000t\000i\000o\000n}{section.4.29}% 200
\BOOKMARK [3][-]{subsubsection.4.29.1.1}{\376\377\0004\000.\0002\0009\000.\0001\000.\0001\000\040\000e\000r\000r\000o\000r\000M\000e\000s\000s\000a\000g\000e\000F\000i\000l\000e\000\050\000\051}{subsection.4.29.1}% 201
\BOOKMARK [3][-]{subsubsection.4.29.1.2}{\376\377\0004\000.\0002\0009\000.\0001\000.\0002\000\040\000e\000r\000r\000o\000r\000M\000e\000s\000s\000a\000g\000e\000L\000i\000n\000e\000\050\000\051}{subsection.4.29.1}% 202
\BOOKMARK [3][-]{subsubsection.4.29.1.3}{\376\377\0004\000.\0002\0009\000.\0001\000.\0003\000\040\000r\000e\000a\000d\000S\000c\000h\000e\000d\000u\000l\000e\000s\000\050\000\051}{subsection.4.29.1}% 203
\BOOKMARK [3][-]{subsubsection.4.29.1.4}{\376\377\0004\000.\0002\0009\000.\0001\000.\0004\000\040\000r\000e\000a\000d\000S\000t\000u\000d\000e\000n\000t\000s\000\050\000\051}{subsection.4.29.1}% 204
\BOOKMARK [3][-]{subsubsection.4.29.1.5}{\376\377\0004\000.\0002\0009\000.\0001\000.\0005\000\040\000r\000e\000a\000d\000U\000c\000s\000\050\000\051}{subsection.4.29.1}% 205
\BOOKMARK [1][-]{section.4.30}{\376\377\0004\000.\0003\0000\000\040\000r\000e\000a\000d\000.\000h}{chapter.4}% 206
\BOOKMARK [1][-]{section.4.31}{\376\377\0004\000.\0003\0001\000\040\000s\000r\000c\000/\000m\000a\000i\000n\000.\000c\000p\000p\000\040\000F\000i\000l\000e\000\040\000R\000e\000f\000e\000r\000e\000n\000c\000e}{chapter.4}% 207
\BOOKMARK [2][-]{subsection.4.31.1}{\376\377\0004\000.\0003\0001\000.\0001\000\040\000F\000u\000n\000c\000t\000i\000o\000n\000\040\000D\000o\000c\000u\000m\000e\000n\000t\000a\000t\000i\000o\000n}{section.4.31}% 208
\BOOKMARK [3][-]{subsubsection.4.31.1.1}{\376\377\0004\000.\0003\0001\000.\0001\000.\0001\000\040\000m\000a\000i\000n\000\050\000\051}{subsection.4.31.1}% 209
\BOOKMARK [3][-]{subsubsection.4.31.1.2}{\376\377\0004\000.\0003\0001\000.\0001\000.\0002\000\040\000m\000e\000n\000u\000\050\000\051}{subsection.4.31.1}% 210
\BOOKMARK [1][-]{section.4.32}{\376\377\0004\000.\0003\0002\000\040\000m\000a\000i\000n\000.\000c\000p\000p}{chapter.4}% 211
\BOOKMARK [1][-]{section.4.33}{\376\377\0004\000.\0003\0003\000\040\000s\000r\000c\000/\000m\000e\000n\000u\000.\000c\000p\000p\000\040\000F\000i\000l\000e\000\040\000R\000e\000f\000e\000r\000e\000n\000c\000e}{chapter.4}% 212
\BOOKMARK [2][-]{subsection.4.33.1}{\376\377\0004\000.\0003\0003\000.\0001\000\040\000F\000u\000n\000c\000t\000i\000o\000n\000\040\000D\000o\000c\000u\000m\000e\000n\000t\000a\000t\000i\000o\000n}{section.4.33}% 213
\BOOKMARK [3][-]{subsubsection.4.33.1.1}{\376\377\0004\000.\0003\0003\000.\0001\000.\0001\000\040\000m\000e\000n\000u\000\050\000\051}{subsection.4.33.1}% 214
\BOOKMARK [3][-]{subsubsection.4.33.1.2}{\376\377\0004\000.\0003\0003\000.\0001\000.\0002\000\040\000m\000e\000n\000u\000A\000d\000d\000\050\000\051}{subsection.4.33.1}% 215
\BOOKMARK [3][-]{subsubsection.4.33.1.3}{\376\377\0004\000.\0003\0003\000.\0001\000.\0003\000\040\000m\000e\000n\000u\000B\000a\000c\000k\000u\000p\000\050\000\051}{subsection.4.33.1}% 216
\BOOKMARK [3][-]{subsubsection.4.33.1.4}{\376\377\0004\000.\0003\0003\000.\0001\000.\0004\000\040\000m\000e\000n\000u\000C\000h\000a\000n\000g\000e\000s\000\050\000\051}{subsection.4.33.1}% 217
\BOOKMARK [3][-]{subsubsection.4.33.1.5}{\376\377\0004\000.\0003\0003\000.\0001\000.\0005\000\040\000m\000e\000n\000u\000R\000e\000m\000o\000v\000e\000\050\000\051}{subsection.4.33.1}% 218
\BOOKMARK [3][-]{subsubsection.4.33.1.6}{\376\377\0004\000.\0003\0003\000.\0001\000.\0006\000\040\000m\000e\000n\000u\000R\000e\000q\000u\000e\000s\000t\000s\000\050\000\051}{subsection.4.33.1}% 219
\BOOKMARK [3][-]{subsubsection.4.33.1.7}{\376\377\0004\000.\0003\0003\000.\0001\000.\0007\000\040\000m\000e\000n\000u\000S\000e\000e\000D\000a\000t\000a\000b\000a\000s\000e\000\050\000\051}{subsection.4.33.1}% 220
\BOOKMARK [3][-]{subsubsection.4.33.1.8}{\376\377\0004\000.\0003\0003\000.\0001\000.\0008\000\040\000m\000e\000n\000u\000S\000t\000u\000d\000e\000n\000t\000C\000o\000d\000e\000\050\000\051}{subsection.4.33.1}% 221
\BOOKMARK [3][-]{subsubsection.4.33.1.9}{\376\377\0004\000.\0003\0003\000.\0001\000.\0009\000\040\000m\000e\000n\000u\000S\000t\000u\000d\000e\000n\000t\000s\000\050\000\051}{subsection.4.33.1}% 222
\BOOKMARK [3][-]{subsubsection.4.33.1.10}{\376\377\0004\000.\0003\0003\000.\0001\000.\0001\0000\000\040\000m\000e\000n\000u\000S\000w\000i\000t\000c\000h\000\050\000\051}{subsection.4.33.1}% 223
\BOOKMARK [3][-]{subsubsection.4.33.1.11}{\376\377\0004\000.\0003\0003\000.\0001\000.\0001\0001\000\040\000m\000e\000n\000u\000T\000r\000y\000A\000g\000a\000i\000n\000\050\000\051}{subsection.4.33.1}% 224
\BOOKMARK [3][-]{subsubsection.4.33.1.12}{\376\377\0004\000.\0003\0003\000.\0001\000.\0001\0002\000\040\000m\000e\000n\000u\000U\000c\000s\000\050\000\051}{subsection.4.33.1}% 225
\BOOKMARK [3][-]{subsubsection.4.33.1.13}{\376\377\0004\000.\0003\0003\000.\0001\000.\0001\0003\000\040\000m\000e\000n\000u\000U\000p\000d\000a\000t\000e\000\050\000\051}{subsection.4.33.1}% 226
\BOOKMARK [3][-]{subsubsection.4.33.1.14}{\376\377\0004\000.\0003\0003\000.\0001\000.\0001\0004\000\040\000r\000e\000s\000t\000o\000r\000e\000B\000a\000c\000k\000u\000p\000\050\000\051}{subsection.4.33.1}% 227
\BOOKMARK [3][-]{subsubsection.4.33.1.15}{\376\377\0004\000.\0003\0003\000.\0001\000.\0001\0005\000\040\000s\000a\000v\000e\000\050\000\051}{subsection.4.33.1}% 228
\BOOKMARK [3][-]{subsubsection.4.33.1.16}{\376\377\0004\000.\0003\0003\000.\0001\000.\0001\0006\000\040\000s\000a\000v\000e\000O\000r\000R\000e\000t\000u\000r\000n\000\050\000\051}{subsection.4.33.1}% 229
\BOOKMARK [3][-]{subsubsection.4.33.1.17}{\376\377\0004\000.\0003\0003\000.\0001\000.\0001\0007\000\040\000s\000e\000l\000e\000c\000t\000B\000a\000c\000k\000u\000p\000C\000o\000d\000e\000\050\000\051}{subsection.4.33.1}% 230
\BOOKMARK [3][-]{subsubsection.4.33.1.18}{\376\377\0004\000.\0003\0003\000.\0001\000.\0001\0008\000\040\000s\000e\000l\000e\000c\000t\000C\000o\000d\000e\000\050\000\051}{subsection.4.33.1}% 231
\BOOKMARK [3][-]{subsubsection.4.33.1.19}{\376\377\0004\000.\0003\0003\000.\0001\000.\0001\0009\000\040\000s\000e\000l\000e\000c\000t\000F\000i\000l\000t\000e\000r\000\050\000\051}{subsection.4.33.1}% 232
\BOOKMARK [3][-]{subsubsection.4.33.1.20}{\376\377\0004\000.\0003\0003\000.\0001\000.\0002\0000\000\040\000s\000e\000l\000e\000c\000t\000O\000r\000d\000e\000r\000S\000t\000u\000d\000e\000n\000t\000s\000\050\000\051}{subsection.4.33.1}% 233
\BOOKMARK [3][-]{subsubsection.4.33.1.21}{\376\377\0004\000.\0003\0003\000.\0001\000.\0002\0001\000\040\000s\000e\000l\000e\000c\000t\000O\000r\000d\000e\000r\000U\000c\000s\000\050\000\051}{subsection.4.33.1}% 234
\BOOKMARK [3][-]{subsubsection.4.33.1.22}{\376\377\0004\000.\0003\0003\000.\0001\000.\0002\0002\000\040\000s\000e\000l\000e\000c\000t\000T\000y\000p\000e\000\050\000\051}{subsection.4.33.1}% 235
\BOOKMARK [3][-]{subsubsection.4.33.1.23}{\376\377\0004\000.\0003\0003\000.\0001\000.\0002\0003\000\040\000s\000e\000l\000e\000c\000t\000V\000a\000l\000u\000e\000\050\000\051}{subsection.4.33.1}% 236
\BOOKMARK [2][-]{subsection.4.33.2}{\376\377\0004\000.\0003\0003\000.\0002\000\040\000V\000a\000r\000i\000a\000b\000l\000e\000\040\000D\000o\000c\000u\000m\000e\000n\000t\000a\000t\000i\000o\000n}{section.4.33}% 237
\BOOKMARK [3][-]{subsubsection.4.33.2.1}{\376\377\0004\000.\0003\0003\000.\0002\000.\0001\000\040\000c\000l\000a\000s\000s\000e\000s}{subsection.4.33.2}% 238
\BOOKMARK [3][-]{subsubsection.4.33.2.2}{\376\377\0004\000.\0003\0003\000.\0002\000.\0002\000\040\000c\000o\000u\000n\000t}{subsection.4.33.2}% 239
\BOOKMARK [3][-]{subsubsection.4.33.2.3}{\376\377\0004\000.\0003\0003\000.\0002\000.\0003\000\040\000s\000t\000a\000c\000k\000A\000l\000t\000e\000r}{subsection.4.33.2}% 240
\BOOKMARK [3][-]{subsubsection.4.33.2.4}{\376\377\0004\000.\0003\0003\000.\0002\000.\0004\000\040\000s\000t\000u\000d\000e\000n\000t\000s}{subsection.4.33.2}% 241
\BOOKMARK [3][-]{subsubsection.4.33.2.5}{\376\377\0004\000.\0003\0003\000.\0002\000.\0005\000\040\000u\000c\000s}{subsection.4.33.2}% 242
\BOOKMARK [1][-]{section.4.34}{\376\377\0004\000.\0003\0004\000\040\000m\000e\000n\000u\000.\000c\000p\000p}{chapter.4}% 243
\BOOKMARK [1][-]{section.4.35}{\376\377\0004\000.\0003\0005\000\040\000s\000r\000c\000/\000m\000e\000n\000u\000.\000h\000\040\000F\000i\000l\000e\000\040\000R\000e\000f\000e\000r\000e\000n\000c\000e}{chapter.4}% 244
\BOOKMARK [2][-]{subsection.4.35.1}{\376\377\0004\000.\0003\0005\000.\0001\000\040\000F\000u\000n\000c\000t\000i\000o\000n\000\040\000D\000o\000c\000u\000m\000e\000n\000t\000a\000t\000i\000o\000n}{section.4.35}% 245
\BOOKMARK [3][-]{subsubsection.4.35.1.1}{\376\377\0004\000.\0003\0005\000.\0001\000.\0001\000\040\000e\000r\000r\000o\000r\000C\000h\000e\000c\000k\000\050\000\051}{subsection.4.35.1}% 246
\BOOKMARK [3][-]{subsubsection.4.35.1.2}{\376\377\0004\000.\0003\0005\000.\0001\000.\0002\000\040\000e\000r\000r\000o\000r\000M\000e\000s\000s\000a\000g\000e\000\050\000\051}{subsection.4.35.1}% 247
\BOOKMARK [3][-]{subsubsection.4.35.1.3}{\376\377\0004\000.\0003\0005\000.\0001\000.\0003\000\040\000m\000e\000n\000u\000\050\000\051}{subsection.4.35.1}% 248
\BOOKMARK [3][-]{subsubsection.4.35.1.4}{\376\377\0004\000.\0003\0005\000.\0001\000.\0004\000\040\000m\000e\000n\000u\000A\000d\000d\000\050\000\051}{subsection.4.35.1}% 249
\BOOKMARK [3][-]{subsubsection.4.35.1.5}{\376\377\0004\000.\0003\0005\000.\0001\000.\0005\000\040\000m\000e\000n\000u\000B\000a\000c\000k\000u\000p\000\050\000\051}{subsection.4.35.1}% 250
\BOOKMARK [3][-]{subsubsection.4.35.1.6}{\376\377\0004\000.\0003\0005\000.\0001\000.\0006\000\040\000m\000e\000n\000u\000C\000h\000a\000n\000g\000e\000s\000\050\000\051}{subsection.4.35.1}% 251
\BOOKMARK [3][-]{subsubsection.4.35.1.7}{\376\377\0004\000.\0003\0005\000.\0001\000.\0007\000\040\000m\000e\000n\000u\000R\000e\000m\000o\000v\000e\000\050\000\051}{subsection.4.35.1}% 252
\BOOKMARK [3][-]{subsubsection.4.35.1.8}{\376\377\0004\000.\0003\0005\000.\0001\000.\0008\000\040\000m\000e\000n\000u\000R\000e\000q\000u\000e\000s\000t\000s\000\050\000\051}{subsection.4.35.1}% 253
\BOOKMARK [3][-]{subsubsection.4.35.1.9}{\376\377\0004\000.\0003\0005\000.\0001\000.\0009\000\040\000m\000e\000n\000u\000S\000e\000e\000D\000a\000t\000a\000b\000a\000s\000e\000\050\000\051}{subsection.4.35.1}% 254
\BOOKMARK [3][-]{subsubsection.4.35.1.10}{\376\377\0004\000.\0003\0005\000.\0001\000.\0001\0000\000\040\000m\000e\000n\000u\000S\000t\000u\000d\000e\000n\000t\000C\000o\000d\000e\000\050\000\051}{subsection.4.35.1}% 255
\BOOKMARK [3][-]{subsubsection.4.35.1.11}{\376\377\0004\000.\0003\0005\000.\0001\000.\0001\0001\000\040\000m\000e\000n\000u\000S\000t\000u\000d\000e\000n\000t\000s\000\050\000\051}{subsection.4.35.1}% 256
\BOOKMARK [3][-]{subsubsection.4.35.1.12}{\376\377\0004\000.\0003\0005\000.\0001\000.\0001\0002\000\040\000m\000e\000n\000u\000S\000w\000i\000t\000c\000h\000\050\000\051}{subsection.4.35.1}% 257
\BOOKMARK [3][-]{subsubsection.4.35.1.13}{\376\377\0004\000.\0003\0005\000.\0001\000.\0001\0003\000\040\000m\000e\000n\000u\000T\000r\000y\000A\000g\000a\000i\000n\000\050\000\051}{subsection.4.35.1}% 258
\BOOKMARK [3][-]{subsubsection.4.35.1.14}{\376\377\0004\000.\0003\0005\000.\0001\000.\0001\0004\000\040\000m\000e\000n\000u\000U\000c\000s\000\050\000\051}{subsection.4.35.1}% 259
\BOOKMARK [3][-]{subsubsection.4.35.1.15}{\376\377\0004\000.\0003\0005\000.\0001\000.\0001\0005\000\040\000r\000e\000s\000t\000o\000r\000e\000B\000a\000c\000k\000u\000p\000\050\000\051}{subsection.4.35.1}% 260
\BOOKMARK [3][-]{subsubsection.4.35.1.16}{\376\377\0004\000.\0003\0005\000.\0001\000.\0001\0006\000\040\000s\000a\000v\000e\000\050\000\051}{subsection.4.35.1}% 261
\BOOKMARK [3][-]{subsubsection.4.35.1.17}{\376\377\0004\000.\0003\0005\000.\0001\000.\0001\0007\000\040\000s\000a\000v\000e\000O\000r\000R\000e\000t\000u\000r\000n\000\050\000\051}{subsection.4.35.1}% 262
\BOOKMARK [3][-]{subsubsection.4.35.1.18}{\376\377\0004\000.\0003\0005\000.\0001\000.\0001\0008\000\040\000s\000e\000l\000e\000c\000t\000B\000a\000c\000k\000u\000p\000C\000o\000d\000e\000\050\000\051}{subsection.4.35.1}% 263
\BOOKMARK [3][-]{subsubsection.4.35.1.19}{\376\377\0004\000.\0003\0005\000.\0001\000.\0001\0009\000\040\000s\000e\000l\000e\000c\000t\000C\000o\000d\000e\000\050\000\051}{subsection.4.35.1}% 264
\BOOKMARK [3][-]{subsubsection.4.35.1.20}{\376\377\0004\000.\0003\0005\000.\0001\000.\0002\0000\000\040\000s\000e\000l\000e\000c\000t\000F\000i\000l\000t\000e\000r\000\050\000\051}{subsection.4.35.1}% 265
\BOOKMARK [3][-]{subsubsection.4.35.1.21}{\376\377\0004\000.\0003\0005\000.\0001\000.\0002\0001\000\040\000s\000e\000l\000e\000c\000t\000O\000r\000d\000e\000r\000S\000t\000u\000d\000e\000n\000t\000s\000\050\000\051}{subsection.4.35.1}% 266
\BOOKMARK [3][-]{subsubsection.4.35.1.22}{\376\377\0004\000.\0003\0005\000.\0001\000.\0002\0002\000\040\000s\000e\000l\000e\000c\000t\000O\000r\000d\000e\000r\000U\000c\000s\000\050\000\051}{subsection.4.35.1}% 267
\BOOKMARK [3][-]{subsubsection.4.35.1.23}{\376\377\0004\000.\0003\0005\000.\0001\000.\0002\0003\000\040\000s\000e\000l\000e\000c\000t\000T\000y\000p\000e\000\050\000\051}{subsection.4.35.1}% 268
\BOOKMARK [3][-]{subsubsection.4.35.1.24}{\376\377\0004\000.\0003\0005\000.\0001\000.\0002\0004\000\040\000s\000e\000l\000e\000c\000t\000V\000a\000l\000u\000e\000\050\000\051}{subsection.4.35.1}% 269
\BOOKMARK [1][-]{section.4.36}{\376\377\0004\000.\0003\0006\000\040\000m\000e\000n\000u\000.\000h}{chapter.4}% 270
